{
  "RSpec": {
    "coverage": {
      "/home/renatofranco/datalink/app/helpers/application_helper.rb": {
        "lines": [
          1,
          null
        ],
        "branches": {
        }
      },
      "/home/renatofranco/datalink/app/models/address.rb": {
        "lines": [
          null,
          null,
          null,
          null,
          null,
          null,
          null,
          null,
          null,
          null,
          null,
          null,
          null,
          null,
          null,
          null,
          null,
          null,
          null,
          null,
          null,
          1,
          null,
          1,
          1,
          null,
          null,
          1,
          1,
          1,
          null,
          null,
          1,
          null,
          1,
          null,
          null,
          null,
          null,
          null,
          null,
          null,
          1,
          null,
          null,
          null,
          null,
          null,
          null,
          null,
          null,
          null
        ],
        "branches": {
        }
      },
      "/home/renatofranco/datalink/app/models/application_record.rb": {
        "lines": [
          null,
          null,
          1,
          1,
          null
        ],
        "branches": {
        }
      },
      "/home/renatofranco/datalink/app/models/city.rb": {
        "lines": [
          null,
          null,
          null,
          null,
          null,
          null,
          null,
          null,
          null,
          null,
          null,
          null,
          null,
          null,
          null,
          1,
          null,
          1,
          1,
          null,
          null,
          1,
          1,
          null,
          null,
          1,
          null,
          1,
          null,
          null,
          null,
          null,
          null,
          null,
          null,
          1,
          null,
          null,
          null,
          null
        ],
        "branches": {
        }
      },
      "/home/renatofranco/datalink/app/models/page.rb": {
        "lines": [
          null,
          null,
          null,
          null,
          null,
          null,
          null,
          null,
          null,
          null,
          null,
          null,
          null,
          null,
          null,
          null,
          null,
          1,
          null,
          1,
          1,
          null,
          null,
          1,
          null,
          null,
          null,
          null,
          null,
          1,
          null,
          null,
          null,
          null,
          null,
          1,
          null,
          null,
          null,
          null,
          null,
          1,
          null,
          null,
          null,
          null,
          null,
          null,
          1,
          null
        ],
        "branches": {
        }
      },
      "/home/renatofranco/datalink/app/models/place.rb": {
        "lines": [
          null,
          null,
          null,
          null,
          null,
          null,
          null,
          null,
          null,
          null,
          null,
          null,
          null,
          null,
          1,
          null,
          1,
          1,
          1,
          null,
          null,
          1,
          1,
          null,
          null,
          1,
          null,
          null,
          null,
          null,
          null,
          null,
          1,
          1,
          null,
          1,
          1,
          null,
          null,
          1,
          null,
          null,
          null,
          null,
          null,
          null,
          null,
          null,
          1,
          null,
          null,
          null,
          null,
          null,
          1,
          null,
          null,
          null,
          null,
          null,
          1,
          1,
          null,
          1,
          1,
          null,
          null,
          1,
          159,
          null,
          null,
          null,
          1,
          158,
          158,
          null,
          null,
          null,
          null,
          null,
          null,
          null,
          null
        ],
        "branches": {
        }
      },
      "/home/renatofranco/datalink/app/models/region.rb": {
        "lines": [
          null,
          null,
          null,
          null,
          null,
          null,
          null,
          null,
          null,
          1,
          null,
          1,
          1,
          null,
          null,
          1,
          null,
          null,
          1,
          null,
          null,
          null,
          null,
          null,
          null,
          null,
          null
        ],
        "branches": {
        }
      },
      "/home/renatofranco/datalink/app/models/route_place.rb": {
        "lines": [
          null,
          null,
          null,
          null,
          null,
          null,
          null,
          null,
          null,
          null,
          null,
          null,
          null,
          null,
          null,
          1,
          null,
          1,
          1,
          null,
          null,
          1,
          1,
          null,
          null,
          1,
          null,
          null
        ],
        "branches": {
        }
      },
      "/home/renatofranco/datalink/app/models/route.rb": {
        "lines": [
          null,
          null,
          null,
          null,
          null,
          null,
          null,
          null,
          null,
          null,
          1,
          1,
          1,
          null,
          null,
          1,
          1,
          null,
          null,
          1,
          1,
          null,
          null,
          1,
          1,
          null
        ],
        "branches": {
        }
      },
      "/home/renatofranco/datalink/app/models/state.rb": {
        "lines": [
          null,
          null,
          null,
          null,
          null,
          null,
          null,
          null,
          null,
          null,
          null,
          null,
          null,
          null,
          null,
          null,
          null,
          1,
          null,
          1,
          1,
          null,
          null,
          1,
          1,
          1,
          null,
          null,
          1,
          null,
          null,
          null,
          null,
          null,
          null,
          null,
          null,
          1,
          null,
          null,
          null,
          null,
          null,
          null,
          null,
          null
        ],
        "branches": {
        }
      },
      "/home/renatofranco/datalink/app/controllers/api/v1/addresses_controller.rb": {
        "lines": [
          null,
          null,
          1,
          1,
          1,
          1,
          null,
          1,
          2,
          null,
          null,
          null,
          2,
          null,
          null,
          null,
          null,
          1,
          3,
          null,
          null,
          null,
          null,
          1,
          4,
          null,
          4,
          2,
          null,
          null,
          null,
          2,
          null,
          null,
          null,
          null,
          null,
          1,
          4,
          2,
          null,
          null,
          null,
          2,
          null,
          null,
          null,
          null,
          null,
          1,
          1,
          1,
          null,
          null,
          1,
          null,
          1,
          10,
          null,
          null,
          1,
          8,
          null,
          null,
          null,
          null,
          null
        ],
        "branches": {
          "[:if, 0, 27, 4, 35, 7]": {
            "[:then, 1, 28, 5, 30, 24]": 2,
            "[:else, 2, 32, 5, 34, 37]": 2
          },
          "[:if, 3, 39, 4, 47, 7]": {
            "[:then, 4, 40, 5, 42, 25]": 2,
            "[:else, 5, 44, 5, 46, 37]": 2
          }
        }
      },
      "/home/renatofranco/datalink/app/controllers/application_controller.rb": {
        "lines": [
          null,
          null,
          1,
          1,
          null,
          1,
          16,
          null,
          null
        ],
        "branches": {
        }
      },
      "/home/renatofranco/datalink/app/controllers/api/v1/cities_controller.rb": {
        "lines": [
          null,
          null,
          1,
          1,
          1,
          1,
          null,
          1,
          2,
          null,
          null,
          null,
          2,
          null,
          null,
          null,
          null,
          1,
          3,
          null,
          null,
          null,
          null,
          1,
          4,
          null,
          4,
          2,
          null,
          null,
          null,
          2,
          null,
          null,
          null,
          null,
          null,
          1,
          4,
          2,
          null,
          null,
          null,
          2,
          null,
          null,
          null,
          null,
          null,
          1,
          1,
          1,
          null,
          null,
          1,
          null,
          1,
          10,
          null,
          null,
          1,
          8,
          null,
          null,
          null,
          null
        ],
        "branches": {
          "[:if, 0, 27, 4, 35, 7]": {
            "[:then, 1, 28, 5, 30, 24]": 2,
            "[:else, 2, 32, 5, 34, 37]": 2
          },
          "[:if, 3, 39, 4, 47, 7]": {
            "[:then, 4, 40, 5, 42, 25]": 2,
            "[:else, 5, 44, 5, 46, 37]": 2
          }
        }
      },
      "/home/renatofranco/datalink/app/controllers/api/v1/pages_controller.rb": {
        "lines": [
          null,
          null,
          1,
          1,
          1,
          1,
          null,
          1,
          2,
          null,
          null,
          null,
          2,
          null,
          null,
          null,
          null,
          1,
          3,
          null,
          null,
          null,
          null,
          1,
          4,
          null,
          4,
          2,
          null,
          null,
          null,
          2,
          null,
          null,
          null,
          null,
          null,
          1,
          4,
          2,
          null,
          null,
          null,
          2,
          null,
          null,
          null,
          null,
          null,
          1,
          1,
          1,
          null,
          null,
          1,
          null,
          1,
          8,
          null,
          null,
          1,
          8,
          null,
          null,
          null,
          null,
          null
        ],
        "branches": {
          "[:if, 0, 27, 4, 35, 7]": {
            "[:then, 1, 28, 5, 30, 24]": 2,
            "[:else, 2, 32, 5, 34, 37]": 2
          },
          "[:if, 3, 39, 4, 47, 7]": {
            "[:then, 4, 40, 5, 42, 25]": 2,
            "[:else, 5, 44, 5, 46, 37]": 2
          }
        }
      },
      "/home/renatofranco/datalink/app/controllers/api/v1/places_controller.rb": {
        "lines": [
          null,
          null,
          1,
          1,
          1,
          1,
          null,
          1,
          2,
          null,
          null,
          null,
          2,
          null,
          null,
          null,
          null,
          1,
          3,
          null,
          null,
          null,
          null,
          1,
          4,
          null,
          4,
          2,
          null,
          null,
          null,
          2,
          null,
          null,
          null,
          null,
          null,
          1,
          4,
          2,
          null,
          null,
          null,
          2,
          null,
          null,
          null,
          null,
          null,
          1,
          1,
          1,
          null,
          null,
          1,
          null,
          1,
          12,
          null,
          null,
          1,
          8,
          null,
          null,
          null,
          null,
          null
        ],
        "branches": {
          "[:if, 0, 27, 4, 35, 7]": {
            "[:then, 1, 28, 5, 30, 24]": 2,
            "[:else, 2, 32, 5, 34, 37]": 2
          },
          "[:if, 3, 39, 4, 47, 7]": {
            "[:then, 4, 40, 5, 42, 25]": 2,
            "[:else, 5, 44, 5, 46, 37]": 2
          }
        }
      },
      "/home/renatofranco/datalink/app/controllers/api/v1/regions_controller.rb": {
        "lines": [
          null,
          null,
          1,
          1,
          1,
          1,
          null,
          1,
          2,
          null,
          null,
          null,
          2,
          null,
          null,
          null,
          null,
          1,
          3,
          null,
          null,
          null,
          null,
          1,
          3,
          null,
          3,
          2,
          null,
          null,
          null,
          1,
          null,
          null,
          null,
          null,
          null,
          1,
          4,
          2,
          null,
          null,
          null,
          2,
          null,
          null,
          null,
          null,
          null,
          1,
          1,
          1,
          null,
          null,
          1,
          null,
          1,
          10,
          null,
          null,
          1,
          7,
          null,
          null,
          null,
          null
        ],
        "branches": {
          "[:if, 0, 27, 4, 35, 7]": {
            "[:then, 1, 28, 5, 30, 24]": 2,
            "[:else, 2, 32, 5, 34, 37]": 1
          },
          "[:if, 3, 39, 4, 47, 7]": {
            "[:then, 4, 40, 5, 42, 25]": 2,
            "[:else, 5, 44, 5, 46, 37]": 2
          }
        }
      },
      "/home/renatofranco/datalink/app/controllers/api/v1/route_places_controller.rb": {
        "lines": [
          null,
          null,
          1,
          1,
          1,
          1,
          null,
          1,
          2,
          null,
          null,
          null,
          2,
          null,
          null,
          null,
          null,
          1,
          3,
          null,
          null,
          null,
          null,
          1,
          4,
          null,
          4,
          2,
          null,
          null,
          null,
          2,
          null,
          null,
          null,
          null,
          null,
          1,
          4,
          2,
          null,
          null,
          null,
          2,
          null,
          null,
          null,
          null,
          null,
          1,
          1,
          1,
          null,
          null,
          1,
          null,
          1,
          10,
          null,
          null,
          1,
          8,
          null,
          null,
          null,
          null
        ],
        "branches": {
          "[:if, 0, 27, 4, 35, 7]": {
            "[:then, 1, 28, 5, 30, 24]": 2,
            "[:else, 2, 32, 5, 34, 37]": 2
          },
          "[:if, 3, 39, 4, 47, 7]": {
            "[:then, 4, 40, 5, 42, 25]": 2,
            "[:else, 5, 44, 5, 46, 37]": 2
          }
        }
      },
      "/home/renatofranco/datalink/app/controllers/api/v1/routes_controller.rb": {
        "lines": [
          null,
          null,
          1,
          1,
          1,
          1,
          null,
          1,
          2,
          null,
          null,
          null,
          2,
          null,
          null,
          null,
          null,
          1,
          1,
          null,
          null,
          null,
          null,
          1,
          4,
          null,
          4,
          2,
          null,
          null,
          null,
          2,
          null,
          null,
          null,
          null,
          null,
          1,
          4,
          2,
          null,
          null,
          null,
          2,
          null,
          null,
          null,
          null,
          null,
          1,
          1,
          1,
          null,
          null,
          1,
          null,
          1,
          8,
          null,
          null,
          1,
          8,
          null,
          null,
          null,
          null
        ],
        "branches": {
          "[:if, 0, 27, 4, 35, 7]": {
            "[:then, 1, 28, 5, 30, 24]": 2,
            "[:else, 2, 32, 5, 34, 37]": 2
          },
          "[:if, 3, 39, 4, 47, 7]": {
            "[:then, 4, 40, 5, 42, 25]": 2,
            "[:else, 5, 44, 5, 46, 37]": 2
          }
        }
      },
      "/home/renatofranco/datalink/app/controllers/api/v1/states_controller.rb": {
        "lines": [
          null,
          null,
          1,
          1,
          1,
          1,
          null,
          1,
          2,
          null,
          null,
          null,
          2,
          null,
          null,
          null,
          null,
          1,
          1,
          null,
          null,
          null,
          null,
          1,
          4,
          null,
          4,
          2,
          null,
          null,
          null,
          2,
          null,
          null,
          null,
          null,
          null,
          1,
          4,
          2,
          null,
          null,
          null,
          2,
          null,
          null,
          null,
          null,
          null,
          1,
          1,
          1,
          null,
          null,
          1,
          null,
          1,
          8,
          null,
          null,
          1,
          8,
          null,
          null,
          null,
          null,
          null
        ],
        "branches": {
          "[:if, 0, 27, 4, 35, 7]": {
            "[:then, 1, 28, 5, 30, 24]": 2,
            "[:else, 2, 32, 5, 34, 37]": 2
          },
          "[:if, 3, 39, 4, 47, 7]": {
            "[:then, 4, 40, 5, 42, 25]": 2,
            "[:else, 5, 44, 5, 46, 37]": 2
          }
        }
      }
    },
    "timestamp": 1659527824
  }
}
